<?xml version="1.0" encoding="UTF-8"?>
<!-- Generated by org.testng.reporters.JUnitReportReporter -->
<testsuite hostname="Kavya" failures="0" tests="8" name="com.ohrm.testcases.AddEmployeeTest" time="183.524" errors="0" timestamp="2023-04-12T22:22:35 IST" skipped="0">
  <testcase classname="com.ohrm.testcases.AddEmployeeTest" name="validateEmployeeNameTextbox" time="31.667"/>
  <system-out/>
  <testcase classname="com.ohrm.testcases.AddEmployeeTest" name="validateUploadImageButton" time="18.280"/>
  <system-out/>
  <testcase classname="com.ohrm.testcases.AddEmployeeTest" name="validateUploadImageLargeFiles" time="22.960"/>
  <system-out/>
  <testcase classname="com.ohrm.testcases.AddEmployeeTest" name="validateAddEmployee" time="20.497"/>
  <system-out/>
  <testcase classname="com.ohrm.testcases.AddEmployeeTest" name="validateToggleSwitch" time="26.136"/>
  <system-out/>
  <testcase classname="com.ohrm.testcases.AddEmployeeTest" name="validateUploadImage" time="33.570"/>
  <system-out/>
  <testcase classname="com.ohrm.testcases.AddEmployeeTest" name="validateFillEmployeeNameTextbox" time="14.082"/>
  <system-out/>
  <testcase classname="com.ohrm.testcases.AddEmployeeTest" name="validateSavebutton" time="16.332"/>
  <system-out/>
</testsuite> <!-- com.ohrm.testcases.AddEmployeeTest -->
