<?xml version="1.0" encoding="UTF-8"?>
<!-- Generated by org.testng.reporters.JUnitReportReporter -->
<testsuite hostname="Kavya" failures="0" tests="1" name="com.ohrm.testcases.LoginPageTest" time="15.562" errors="0" timestamp="2023-04-12T22:22:35 IST" skipped="0">
  <testcase classname="com.ohrm.testcases.LoginPageTest" name="validateLoginTest" time="15.562"/>
  <system-out/>
</testsuite> <!-- com.ohrm.testcases.LoginPageTest -->
