<?xml version="1.0" encoding="UTF-8"?>
<!-- Generated by org.testng.reporters.JUnitReportReporter -->
<testsuite hostname="Kavya" failures="0" tests="2" name="com.ohrm.testcases.ConfigurationTest" time="36.641" errors="0" timestamp="2023-04-12T22:22:35 IST" skipped="0">
  <testcase classname="com.ohrm.testcases.ConfigurationTest" name="validateConfiguration" time="17.757"/>
  <system-out/>
  <testcase classname="com.ohrm.testcases.ConfigurationTest" name="validateReports" time="18.884"/>
  <system-out/>
</testsuite> <!-- com.ohrm.testcases.ConfigurationTest -->
