<?xml version="1.0" encoding="UTF-8"?>
<!-- Generated by org.testng.reporters.JUnitReportReporter -->
<testsuite hostname="Kavya" failures="0" tests="7" name="com.ohrm.testcases.RecruitmentTest" time="135.126" errors="0" timestamp="2023-04-12T22:22:35 IST" skipped="0">
  <testcase classname="com.ohrm.testcases.RecruitmentTest" name="validateCandidate" time="17.049"/>
  <system-out/>
  <testcase classname="com.ohrm.testcases.RecruitmentTest" name="validateResumeUploaderTextbox" time="17.883"/>
  <system-out/>
  <testcase classname="com.ohrm.testcases.RecruitmentTest" name="validateResumeUploader" time="24.534"/>
  <system-out/>
  <testcase classname="com.ohrm.testcases.RecruitmentTest" name="validateDownloadIcon" time="16.585"/>
  <system-out/>
  <testcase classname="com.ohrm.testcases.RecruitmentTest" name="validateRecruitment" time="13.097"/>
  <system-out/>
  <testcase classname="com.ohrm.testcases.RecruitmentTest" name="validateViewIcon" time="19.964"/>
  <system-out/>
  <testcase classname="com.ohrm.testcases.RecruitmentTest" name="validateResumeUploaderLargeFiles" time="26.014"/>
  <system-out/>
</testsuite> <!-- com.ohrm.testcases.RecruitmentTest -->
