<?xml version="1.0" encoding="UTF-8"?>
<!-- Generated by org.testng.reporters.JUnitReportReporter -->
<testsuite hostname="Kavya" failures="0" tests="3" name="com.ohrm.testcases.VacanciesTest" time="55.763" errors="0" timestamp="2023-04-12T22:22:35 IST" skipped="0">
  <testcase classname="com.ohrm.testcases.VacanciesTest" name="validateVacancies" time="21.362"/>
  <system-out/>
  <testcase classname="com.ohrm.testcases.VacanciesTest" name="validateReset" time="18.235"/>
  <system-out/>
  <testcase classname="com.ohrm.testcases.VacanciesTest" name="validateJobTitleDropdown" time="16.166"/>
  <system-out/>
</testsuite> <!-- com.ohrm.testcases.VacanciesTest -->
