<?xml version="1.0" encoding="UTF-8"?>
<!-- Generated by org.testng.reporters.JUnitReportReporter -->
<testsuite hostname="Kavya" failures="0" tests="1" name="validateLogin.LoginCredentialsReadFromExcelFile" time="8.503" errors="0" timestamp="2023-04-09T13:35:28 IST" skipped="0">
  <testcase classname="validateLogin.LoginCredentialsReadFromExcelFile" name="ValidateLogin" time="8.503"/>
  <system-out/>
</testsuite> <!-- validateLogin.LoginCredentialsReadFromExcelFile -->
