<?xml version="1.0" encoding="UTF-8"?>
<!-- Generated by org.testng.reporters.JUnitReportReporter -->
<testsuite hostname="Kavya" failures="0" tests="4" name="com.ohrm.testcases.PIMTest" time="69.008" errors="0" timestamp="2023-04-12T22:22:35 IST" skipped="0">
  <testcase classname="com.ohrm.testcases.PIMTest" name="deletePIM" time="20.464"/>
  <system-out/>
  <testcase classname="com.ohrm.testcases.PIMTest" name="validatePIMEdit" time="16.803"/>
  <system-out/>
  <testcase classname="com.ohrm.testcases.PIMTest" name="validatePIM" time="13.232"/>
  <system-out/>
  <testcase classname="com.ohrm.testcases.PIMTest" name="validatePIMEmployeeList" time="18.509"/>
  <system-out/>
</testsuite> <!-- com.ohrm.testcases.PIMTest -->
